\BOOKMARK [1][-]{section.1}{\376\377\000I\000n\000t\000r\000o\000d\000u\000c\000t\000i\000o\000n}{}% 1
\BOOKMARK [2][-]{subsection.1.1}{\376\377\000M\000o\000d\000e\000l\000s\000\040\000o\000f\000\040\000l\000o\000g\000i\000c}{section.1}% 2
\BOOKMARK [2][-]{subsection.1.2}{\376\377\000G\000e\000n\000e\000r\000a\000t\000i\000n\000g\000\040\000f\000u\000n\000c\000t\000i\000o\000n\000s}{section.1}% 3
\BOOKMARK [2][-]{subsection.1.3}{\376\377\000A\000b\000o\000u\000t\000\040\000t\000h\000i\000s\000\040\000p\000a\000p\000e\000r}{section.1}% 4
\BOOKMARK [1][-]{section.2}{\376\377\000U\000n\000i\000v\000e\000r\000s\000a\000l\000\040\000D\000o\000m\000a\000i\000n\000\040\000T\000r\000a\000n\000s\000l\000a\000t\000i\000o\000n\000\040\000M\000a\000p}{}% 5
\BOOKMARK [2][-]{subsection.2.1}{\376\377\000C\000o\000r\000e\000\040\000G\000e\000n\000e\000r\000a\000t\000i\000n\000g\000\040\000F\000u\000n\000c\000t\000i\000o\000n\000\040\000S\000t\000r\000u\000c\000t\000u\000r\000e}{section.2}% 6
\BOOKMARK [2][-]{subsection.2.2}{\376\377\000C\000o\000m\000p\000r\000e\000h\000e\000n\000s\000i\000v\000e\000\040\000D\000o\000m\000a\000i\000n\000\040\000T\000r\000a\000n\000s\000l\000a\000t\000i\000o\000n\000\040\000T\000a\000b\000l\000e}{section.2}% 7
\BOOKMARK [1][-]{section.3}{\376\377\000A\000n\000\040\000I\000n\000v\000i\000t\000a\000t\000i\000o\000n\000\040\000t\000o\000\040\000C\000o\000m\000p\000u\000t\000a\000t\000i\000o\000n\000:\000\040\000T\000h\000r\000e\000e\000\040\000V\000i\000e\000w\000s\000\040\000U\000n\000i\000f\000i\000e\000d}{}% 8
\BOOKMARK [2][-]{subsection.3.1}{\376\377\000U\000n\000i\000f\000i\000e\000d\000\040\000C\000o\000m\000p\000u\000t\000a\000t\000i\000o\000n\000a\000l\000\040\000F\000r\000a\000m\000e\000w\000o\000r\000k}{section.3}% 9
\BOOKMARK [2][-]{subsection.3.2}{\376\377\000R\000e\000v\000e\000r\000s\000i\000b\000i\000l\000i\000t\000y\000\040\000C\000o\000n\000s\000t\000r\000a\000i\000n\000t\000\040\000\050\000R\000C\040\040\000\051}{section.3}% 10
\BOOKMARK [2][-]{subsection.3.3}{\376\377\000T\000h\000e\000\040\000U\000n\000i\000v\000e\000r\000s\000a\000l\000\040\000C\000o\000m\000p\000u\000t\000a\000t\000i\000o\000n\000a\000l\000\040\000C\000y\000c\000l\000e}{section.3}% 11
\BOOKMARK [2][-]{subsection.3.4}{\376\377\000T\000h\000r\000e\000e\000\040\000C\000o\000m\000p\000u\000t\000a\000t\000i\000o\000n\000a\000l\000\040\000P\000a\000r\000a\000d\000i\000g\000m\000s}{section.3}% 12
\BOOKMARK [1][-]{section.4}{\376\377\000T\000h\000e\000\040\000R\000e\000g\000u\000l\000a\000t\000o\000r\000\040\000V\000i\000e\000w\000:\000\040\000U\000n\000d\000e\000r\000s\000t\000a\000n\000d\000i\000n\000g\000\040\000C\000o\000m\000p\000i\000l\000a\000t\000i\000o\000n}{}% 13
\BOOKMARK [2][-]{subsection.4.1}{\376\377\000F\000o\000u\000r\000-\000M\000o\000d\000u\000l\000i\000\040\000P\000a\000r\000a\000m\000e\000t\000r\000i\000c\000\040\000N\000o\000r\000m\000a\000l\000i\000s\000e\000r}{section.4}% 14
\BOOKMARK [2][-]{subsection.4.2}{\376\377\000T\000h\000e\000\040\000R\000e\000g\000u\000l\000a\000t\000o\000r\000\040\000V\000i\000e\000w\000\040\000o\000f\000\040\000C\000o\000m\000p\000u\000t\000a\000t\000i\000o\000n\000\040\000i\000n\000\040\000L\000/\000B\000/\000R\000\040\000S\000t\000r\000u\000c\000t\000u\000r\000e}{section.4}% 15
\BOOKMARK [2][-]{subsection.4.3}{\376\377\000R\000e\000g\000u\000l\000a\000t\000o\000r\000\040\000H\000i\000e\000r\000a\000r\000c\000h\000y}{section.4}% 16
\BOOKMARK [2][-]{subsection.4.4}{\376\377\000T\000e\000r\000m\000i\000n\000a\000t\000i\000o\000n\000\040\000C\000o\000n\000d\000i\000t\000i\000o\000n\000\040\000a\000s\000\040\000R\000e\000g\000u\000l\000a\000r\000i\000z\000a\000t\000i\000o\000n}{section.4}% 17
\BOOKMARK [2][-]{subsection.4.5}{\376\377\000R\000e\000g\000u\000l\000a\000r\000i\000z\000a\000t\000i\000o\000n\000\040\000P\000r\000i\000n\000c\000i\000p\000l\000e\000s}{section.4}% 18
\BOOKMARK [2][-]{subsection.4.6}{\376\377\000E\000x\000a\000m\000p\000l\000e\000:\000\040\000P\000e\000a\000n\000o\000\040\000u\000n\000i\000v\000e\000r\000s\000a\000l\000i\000t\000y\000\040\000a\000c\000r\000o\000s\000s\000\040\000v\000i\000e\000w\000s}{section.4}% 19
\BOOKMARK [2][-]{subsection.4.7}{\376\377\000S\000u\000m\000m\000a\000r\000y\000\040\000a\000n\000d\000\040\000O\000u\000t\000l\000o\000o\000k}{section.4}% 20
\BOOKMARK [1][-]{section.5}{\376\377\000R\000G\000\040\000F\000l\000o\000w\000\040\000a\000n\000d\000\040\000C\000o\000m\000p\000u\000t\000a\000t\000i\000o\000n\000a\000l\000\040\000B\000e\000h\000a\000v\000i\000o\000r}{}% 21
\BOOKMARK [2][-]{subsection.5.1}{\376\377\000D\000i\000m\000e\000n\000s\000i\000o\000n\000l\000e\000s\000s\000\040\000C\000o\000u\000p\000l\000i\000n\000g\000s\000\040\000a\000n\000d\000\040\000R\000G\000\040\000F\000l\000o\000w}{section.5}% 22
\BOOKMARK [2][-]{subsection.5.2}{\376\377\000R\000G\000\040\000O\000p\000e\000r\000a\000t\000o\000r\000\040\000a\000n\000d\000\040\000-\000S\000y\000s\000t\000e\000m}{section.5}% 23
\BOOKMARK [2][-]{subsection.5.3}{\376\377\000S\000i\000n\000g\000l\000e\000\040\000O\000b\000s\000e\000r\000v\000a\000b\000l\000e\000\040\000O\000\050\000\051}{section.5}% 24
\BOOKMARK [2][-]{subsection.5.4}{\376\377\000C\000a\000l\000l\000a\000n\040\023\000S\000y\000m\000a\000n\000z\000i\000k\000\040\000E\000q\000u\000a\000t\000i\000o\000n\000\040\000a\000s\000\040\000T\000r\000a\000c\000e}{section.5}% 25
\BOOKMARK [2][-]{subsection.5.5}{\376\377\000R\000G\000\040\000F\000i\000x\000e\000d\000\040\000P\000o\000i\000n\000t\000s\000\040\000a\000n\000d\000\040\000U\000n\000i\000v\000e\000r\000s\000a\000l\000i\000t\000y\000\040\000C\000l\000a\000s\000s\000e\000s}{section.5}% 26
\BOOKMARK [2][-]{subsection.5.6}{\376\377\000A\000G\000T\000\040\000C\000o\000n\000n\000e\000c\000t\000i\000o\000n\000\040\000\050\000I\000n\000t\000e\000r\000p\000r\000e\000t\000a\000t\000i\000o\000n\000\051}{section.5}% 27
\BOOKMARK [2][-]{subsection.5.7}{\376\377\000S\000u\000m\000m\000a\000r\000y\000\040\000a\000n\000d\000\040\000O\000u\000t\000l\000o\000o\000k}{section.5}% 28
\BOOKMARK [1][-]{section.6}{\376\377\000A\000n\000\040\000I\000n\000v\000i\000t\000a\000t\000i\000o\000n\000\040\000t\000o\000\040\000S\000c\000a\000t\000t\000e\000r\000i\000n\000g\000:\000\040\000C\000L\000E\000A\000N\040\023\000S\000\050\000\051}{}% 29
\BOOKMARK [1][-]{section.7}{\376\377\000r\000e\000n\000o\000r\000m\000a\000l\000i\000s\000a\000t\000i\000o\000n\000:\000\040\000F\000r\000o\000m\000\040\000R\000a\000w\000\040\000t\000o\000\040\000R\000e\000f\000i\000n\000e\000d}{}% 30
\BOOKMARK [2][-]{subsection.7.1}{\376\377\000S\000c\000a\000l\000e\000\040\000a\000n\000d\000\040\000P\000h\000a\000s\000e\000\040\000S\000c\000a\000l\000a\000r\000s}{section.7}% 31
\BOOKMARK [2][-]{subsection.7.2}{\376\377\000B\000a\000r\000e\000\040\000v\000s\000\040\000R\000e\000n\000o\000r\000m\000a\000l\000i\000z\000e\000d\000\040\000C\000o\000r\000r\000e\000l\000a\000t\000o\000r\000s}{section.7}% 32
\BOOKMARK [2][-]{subsection.7.3}{\376\377\000C\000o\000m\000p\000l\000e\000t\000e\000\040\000r\000e\000n\000o\000r\000m\000a\000l\000i\000s\000a\000t\000i\000o\000n\000\040\000P\000r\000o\000c\000e\000d\000u\000r\000e}{section.7}% 33
\BOOKMARK [2][-]{subsection.7.4}{\376\377\000K\000e\000y\000\040\000D\000i\000f\000f\000e\000r\000e\000n\000c\000e\000s\000\040\000a\000n\000d\000\040\000R\000G\000\040\000F\000i\000x\000e\000d\000\040\000P\000o\000i\000n\000t\000s}{section.7}% 34
\BOOKMARK [2][-]{subsection.7.5}{\376\377\000r\000e\000n\000o\000r\000m\000a\000l\000i\000s\000a\000t\000i\000o\000n\000\040\000G\000r\000o\000u\000p\000\040\000E\000q\000u\000a\000t\000i\000o\000n\000s}{section.7}% 35
\BOOKMARK [2][-]{subsection.7.6}{\376\377\000S\000u\000m\000m\000a\000r\000y\000\040\000a\000n\000d\000\040\000O\000u\000t\000l\000o\000o\000k}{section.7}% 36
\BOOKMARK [1][-]{section.8}{\376\377\000I\000n\000t\000e\000r\000a\000c\000t\000i\000n\000g\000\040\000P\000o\000s\000i\000t\000i\000v\000e\000\040\000L\000o\000g\000i\000c\000:\000\040\000F\000o\000r\000m\000a\000l\000\040\000D\000e\000f\000i\000n\000i\000t\000i\000o\000n}{}% 37
\BOOKMARK [2][-]{subsection.8.1}{\376\377\000P\000r\000i\000m\000i\000t\000i\000v\000e\000\040\000S\000y\000m\000b\000o\000l\000\040\000S\000e\000t}{section.8}% 38
\BOOKMARK [2][-]{subsection.8.2}{\376\377\000D\000o\000m\000a\000i\000n\000\040\000T\000r\000a\000n\000s\000l\000a\000t\000i\000o\000n\000\040\000A\000r\000c\000h\000i\000t\000e\000c\000t\000u\000r\000e}{section.8}% 39
\BOOKMARK [2][-]{subsection.8.3}{\376\377\000D\000e\000s\000i\000g\000n\000\040\000P\000r\000i\000n\000c\000i\000p\000l\000e\000s}{section.8}% 40
\BOOKMARK [2][-]{subsection.8.4}{\376\377\000C\000o\000r\000e\000\040\000T\000h\000e\000o\000r\000e\000m\000s}{section.8}% 41
\BOOKMARK [2][-]{subsection.8.5}{\376\377\000S\000i\000m\000p\000l\000i\000f\000i\000e\000d\000\040\000E\000q\000u\000a\000l\000i\000t\000y\000\040\000H\000i\000e\000r\000a\000r\000c\000h\000y}{section.8}% 42
\BOOKMARK [2][-]{subsection.8.6}{\376\377\000C\000o\000n\000t\000e\000x\000t\000\040\000G\000r\000a\000m\000m\000a\000r\000s}{section.8}% 43
\BOOKMARK [2][-]{subsection.8.7}{\376\377\000D\000e\000r\000i\000v\000e\000d\000\040\000G\000e\000n\000e\000r\000a\000t\000i\000n\000g\000\040\000F\000u\000n\000c\000t\000i\000o\000n\000a\000l\000s}{section.8}% 44
\BOOKMARK [2][-]{subsection.8.8}{\376\377\000I\000m\000p\000l\000e\000m\000e\000n\000t\000a\000t\000i\000o\000n\000\040\000C\000o\000r\000r\000e\000s\000p\000o\000n\000d\000e\000n\000c\000e}{section.8}% 45
\BOOKMARK [2][-]{subsection.8.9}{\376\377\000C\000o\000n\000s\000e\000r\000v\000a\000t\000i\000v\000i\000t\000y\000\040\000T\000h\000e\000o\000r\000e\000m}{section.8}% 46
\BOOKMARK [2][-]{subsection.8.10}{\376\377\000H\000i\000e\000r\000a\000r\000c\000h\000i\000c\000a\000l\000\040\000D\000e\000f\000o\000r\000m\000a\000t\000i\000o\000n\000\040\000o\000f\000\040\000T\000r\000u\000t\000h\000\040\000S\000y\000s\000t\000e\000m\000s}{section.8}% 47
\BOOKMARK [2][-]{subsection.8.11}{\376\377\000T\000h\000e\000\040\000L\000o\000g\000i\000c\000\040\000T\000r\000a\000n\000s\000f\000o\000r\000m\000e\000r}{section.8}% 48
\BOOKMARK [2][-]{subsection.8.12}{\376\377\000K\000e\000r\000n\000e\000l\000,\000\040\000C\000o\000-\000k\000e\000r\000n\000e\000l\000,\000\040\000a\000n\000d\000\040\000S\000p\000e\000c\000t\000r\000u\000m}{section.8}% 49
\BOOKMARK [2][-]{subsection.8.13}{\376\377\000C\000o\000n\000n\000e\000c\000t\000i\000o\000n\000s\000\040\000t\000o\000\040\000P\000r\000o\000g\000r\000a\000m\000m\000i\000n\000g\000\040\000L\000a\000n\000g\000u\000a\000g\000e\000s\000\040\000a\000n\000d\000\040\000L\000o\000g\000i\000c}{section.8}% 50
\BOOKMARK [2][-]{subsection.8.14}{\376\377\000C\000o\000r\000r\000e\000l\000a\000t\000o\000r\000\040\000I\000n\000t\000e\000r\000p\000r\000e\000t\000a\000t\000i\000o\000n}{section.8}% 51
\BOOKMARK [2][-]{subsection.8.15}{\376\377\000H\000o\000l\000o\000g\000r\000a\000p\000h\000i\000c\000\040\000r\000e\000n\000o\000r\000m\000a\000l\000i\000s\000a\000t\000i\000o\000n}{section.8}% 52
\BOOKMARK [1][-]{section.9}{\376\377\000T\000r\000u\000t\000h\000\040\000a\000s\000\040\000F\000i\000x\000e\000d\000\040\000P\000o\000i\000n\000t\000:\000\040\000R\000G\000\040\000F\000l\000o\000w\000\040\000a\000s\000\040\000L\000o\000g\000i\000c\000a\000l\000\040\000S\000e\000m\000a\000n\000t\000i\000c\000s}{}% 53
\BOOKMARK [2][-]{subsection.9.1}{\376\377\000O\000b\000s\000e\000r\000v\000a\000b\000l\000e\000\040\000M\000e\000t\000r\000i\000c\000\040\000a\000n\000d\000\040\000C\000o\000n\000t\000r\000a\000c\000t\000i\000v\000i\000t\000y}{section.9}% 54
\BOOKMARK [2][-]{subsection.9.2}{\376\377\000R\000e\000g\000u\000l\000a\000r\000i\000z\000a\000t\000i\000o\000n\000\040\000a\000s\000\040\000D\000e\000f\000o\000r\000m\000a\000t\000i\000o\000n\000\040\000o\000f\000\040\000L\000/\000B\000/\000R\000\040\000S\000t\000r\000u\000c\000t\000u\000r\000e}{section.9}% 55
\BOOKMARK [2][-]{subsection.9.3}{\376\377\000E\000q\000u\000a\000l\000i\000t\000y\000\040\000L\000a\000y\000e\000r\000s\000\040\000a\000n\000d\000\040\000D\000e\000f\000o\000r\000m\000a\000t\000i\000o\000n}{section.9}% 56
\BOOKMARK [2][-]{subsection.9.4}{\376\377\000S\000p\000e\000c\000t\000r\000a\000l\000\040\000G\000a\000p\000\040\000a\000n\000d\000\040\000C\000o\000m\000p\000u\000t\000a\000t\000i\000o\000n\000a\000l\000\040\000S\000e\000m\000a\000n\000t\000i\000c\000s}{section.9}% 57
\BOOKMARK [2][-]{subsection.9.5}{\376\377\000T\000r\000u\000t\000h\000\040\000a\000s\000\040\000R\000G\000\040\000F\000i\000x\000e\000d\000\040\000P\000o\000i\000n\000t}{section.9}% 58
\BOOKMARK [2][-]{subsection.9.6}{\376\377\000C\000o\000m\000p\000u\000t\000a\000t\000i\000o\000n\000a\000l\000\040\000S\000e\000m\000a\000n\000t\000i\000c\000s}{section.9}% 59
\BOOKMARK [2][-]{subsection.9.7}{\376\377\000S\000u\000m\000m\000a\000r\000y\000\040\000a\000n\000d\000\040\000O\000u\000t\000l\000o\000o\000k}{section.9}% 60
\BOOKMARK [1][-]{section.10}{\376\377\000E\000f\000f\000e\000c\000t\000i\000v\000e\000\040\000L\000o\000g\000i\000c\000\040\000a\000s\000\040\000M\000D\000E\000-\000P\000y\000r\000a\000m\000i\000d\000\040\000o\000f\000\040\000L\000o\000g\000i\000c\000s}{}% 61
\BOOKMARK [2][-]{subsection.10.1}{\376\377\000M\000D\000E\000\040\000P\000y\000r\000a\000m\000i\000d\000\040\000S\000t\000r\000u\000c\000t\000u\000r\000e}{section.10}% 62
\BOOKMARK [2][-]{subsection.10.2}{\376\377\000C\000o\000n\000v\000o\000l\000u\000t\000i\000o\000n\000\040\000o\000f\000\040\000F\000o\000r\000m\000a\000l\000\040\000S\000y\000s\000t\000e\000m\000s}{section.10}% 63
\BOOKMARK [2][-]{subsection.10.3}{\376\377\000H\000i\000e\000r\000a\000r\000c\000h\000y\000\040\000o\000f\000\040\000L\000o\000g\000i\000c\000s}{section.10}% 64
\BOOKMARK [2][-]{subsection.10.4}{\376\377\000I\000n\000t\000e\000r\000-\000L\000e\000v\000e\000l\000\040\000M\000a\000p\000p\000i\000n\000g\000s}{section.10}% 65
\BOOKMARK [2][-]{subsection.10.5}{\376\377\000D\000e\000r\000i\000v\000e\000d\000\040\000G\000e\000n\000e\000r\000a\000t\000i\000n\000g\000\040\000F\000u\000n\000c\000t\000i\000o\000n\000a\000l\000s}{section.10}% 66
\BOOKMARK [2][-]{subsection.10.6}{\376\377\000D\000o\000m\000a\000i\000n\000\040\000T\000r\000a\000n\000s\000l\000a\000t\000i\000o\000n\000\040\000A\000r\000c\000h\000i\000t\000e\000c\000t\000u\000r\000e}{section.10}% 67
\BOOKMARK [1][-]{section.11}{\376\377\000C\000o\000n\000s\000i\000s\000t\000e\000n\000c\000y\000,\000\040\000C\000o\000m\000p\000a\000c\000t\000n\000e\000s\000s\000\040\000-\000\040\000R\000e\000l\000a\000t\000i\000o\000n\000\040\000t\000o\000\040\000K\000n\000o\000w\000n\000\040\000T\000h\000e\000o\000r\000e\000m\000s}{}% 68
\BOOKMARK [2][-]{subsection.11.1}{\376\377\000S\000e\000v\000e\000n\000\040\000C\000o\000r\000e\000\040\000T\000h\000e\000o\000r\000e\000m\000s}{section.11}% 69
\BOOKMARK [2][-]{subsection.11.2}{\376\377\000I\000n\000t\000e\000r\000n\000a\000l\000\040\000c\000o\000m\000p\000l\000e\000x\000i\000t\000y\000\040\000v\000i\000a\000\040\000t\000h\000e\000\040\000e\000q\000u\000a\000l\000i\000t\000y\000\040\000h\000i\000e\000r\000a\000r\000c\000h\000y\000\040\000\050\000m\000e\000c\000h\000a\000n\000i\000s\000e\000d\000\040\000e\000v\000i\000d\000e\000n\000c\000e\000\051}{section.11}% 70
\BOOKMARK [2][-]{subsection.11.3}{\376\377\000G\000e\000n\000e\000r\000a\000l\000i\000s\000e\000d\000\040\000R\000i\000c\000e\000\040\000T\000h\000e\000o\000r\000e\000m\000\040\000f\000o\000r\000\040\000G\000e\000n\0004\000\040\000G\000e\000n\000e\000r\000a\000t\000i\000n\000g\000\040\000F\000u\000n\000c\000t\000i\000o\000n\000s}{section.11}% 71
\BOOKMARK [2][-]{subsection.11.4}{\376\377\000H\000i\000l\000b\000e\000r\000t\040\023\000P\000\363\000l\000y\000a\000\040\000O\000p\000e\000r\000a\000t\000o\000r\000\040\000a\000n\000d\000\040\000Z\000e\000t\000a\000-\000F\000u\000n\000c\000t\000i\000o\000n\000\040\000I\000n\000t\000e\000r\000p\000r\000e\000t\000a\000t\000i\000o\000n}{section.11}% 72
\BOOKMARK [2][-]{subsection.11.5}{\376\377\000M\000a\000s\000s\000-\000G\000a\000p\000\040\000T\000h\000e\000o\000r\000e\000m\000\040\000C\000o\000n\000n\000e\000c\000t\000i\000o\000n}{section.11}% 73
\BOOKMARK [2][-]{subsection.11.6}{\376\377\000D\000o\000m\000a\000i\000n\000\040\000M\000a\000p\000s\000\040\000a\000n\000d\000\040\000G\000e\000n\000e\000r\000a\000l\000i\000t\000y}{section.11}% 74
\BOOKMARK [1][-]{section.12}{\376\377\000r\000e\000n\000o\000r\000m\000a\000l\000i\000s\000a\000t\000i\000o\000n\000\040\000a\000n\000d\000\040\000D\000o\000u\000b\000l\000e\000\040\000S\000e\000l\000f\000-\000B\000o\000u\000n\000d\000a\000r\000y\000\040\000M\000a\000p\000s}{}% 75
\BOOKMARK [2][-]{subsection.12.1}{\376\377\000L\000/\000B\000/\000R\000\040\000S\000t\000r\000u\000c\000t\000u\000r\000e\000\040\000a\000n\000d\000\040\000B\000o\000u\000n\000d\000a\000r\000y\000\040\000M\000a\000p\000s}{section.12}% 76
\BOOKMARK [2][-]{subsection.12.2}{\376\377\000C\000F\000T\000\040\000C\000o\000n\000f\000o\000r\000m\000a\000l\000\040\000B\000l\000o\000c\000k\000s\000\040\000a\000n\000d\000\040\000A\000G\000T\000\040\000C\000o\000r\000r\000e\000s\000p\000o\000n\000d\000e\000n\000c\000e\000\040\000\050\000I\000n\000t\000e\000r\000p\000r\000e\000t\000a\000t\000i\000o\000n\000\051}{section.12}% 77
\BOOKMARK [2][-]{subsection.12.3}{\376\377\000V\000i\000r\000a\000s\000o\000r\000o\000\040\000A\000l\000g\000e\000b\000r\000a\000\040\000a\000n\000d\000\040\000A\000G\000T\000\040\000C\000o\000r\000r\000e\000s\000p\000o\000n\000d\000e\000n\000c\000e\000\040\000\050\000I\000n\000t\000e\000r\000p\000r\000e\000t\000a\000t\000i\000o\000n\000\051}{section.12}% 78
\BOOKMARK [2][-]{subsection.12.4}{\376\377\000P\000a\000r\000a\000m\000e\000t\000e\000r\000\040\000M\000a\000p\000p\000i\000n\000g\000s\000\040\000a\000n\000d\000\040\000E\000x\000t\000e\000n\000d\000e\000d\000\040\000R\000G\000\040\000E\000q\000u\000a\000t\000i\000o\000n\000s}{section.12}% 79
\BOOKMARK [2][-]{subsection.12.5}{\376\377\000B\000e\000t\000a\000\040\000a\000n\000d\000\040\000G\000a\000m\000m\000a\000\040\000F\000u\000n\000c\000t\000i\000o\000n\000s}{section.12}% 80
\BOOKMARK [2][-]{subsection.12.6}{\376\377\000a\000-\000f\000u\000n\000c\000t\000i\000o\000n\000s\000\040\000a\000n\000d\000\040\000c\000-\000f\000u\000n\000c\000t\000i\000o\000n\000s}{section.12}% 81
\BOOKMARK [2][-]{subsection.12.7}{\376\377\000C\000o\000n\000f\000o\000r\000m\000a\000l\000\040\000B\000l\000o\000c\000k\000s\000\040\000a\000n\000d\000\040\000I\000n\000f\000o\000r\000m\000a\000t\000i\000o\000n\000\040\000T\000h\000e\000o\000r\000y}{section.12}% 82
\BOOKMARK [2][-]{subsection.12.8}{\376\377\000S\000u\000m\000m\000a\000r\000y\000\040\000a\000n\000d\000\040\000O\000u\000t\000l\000o\000o\000k}{section.12}% 83
\BOOKMARK [1][-]{section.13}{\376\377\000L\000e\000a\000r\000n\000i\000n\000g\000\040\000a\000s\000\040\000r\000e\000n\000o\000r\000m\000a\000l\000i\000s\000a\000t\000i\000o\000n\000\040\000o\000f\000\040\000C\000o\000r\000r\000e\000l\000a\000t\000o\000r\000s}{}% 84
\BOOKMARK [2][-]{subsection.13.1}{\376\377\000L\000L\000M\000\040\000P\000a\000r\000a\000m\000e\000t\000e\000r\000\040\000M\000a\000p\000p\000i\000n\000g}{section.13}% 85
\BOOKMARK [2][-]{subsection.13.2}{\376\377\000L\000L\000M\000\040\000G\000e\000n\000e\000r\000a\000t\000i\000n\000g\000\040\000F\000u\000n\000c\000t\000i\000o\000n}{section.13}% 86
\BOOKMARK [2][-]{subsection.13.3}{\376\377\000T\000r\000a\000i\000n\000i\000n\000g\000\040\000C\000o\000r\000r\000e\000l\000a\000t\000o\000r\000s\000\040\000a\000n\000d\000\040\000r\000e\000n\000o\000r\000m\000a\000l\000i\000s\000a\000t\000i\000o\000n}{section.13}% 87
\BOOKMARK [2][-]{subsection.13.4}{\376\377\000C\000a\000l\000l\000a\000n\040\023\000S\000y\000m\000a\000n\000z\000i\000k\000\040\000E\000q\000u\000a\000t\000i\000o\000n\000\040\000f\000o\000r\000\040\000T\000r\000a\000i\000n\000i\000n\000g}{section.13}% 88
\BOOKMARK [2][-]{subsection.13.5}{\376\377\000S\000c\000a\000l\000i\000n\000g\000\040\000L\000a\000w\000s\000\040\000a\000n\000d\000\040\000R\000G\000\040\000F\000i\000x\000e\000d\000\040\000P\000o\000i\000n\000t\000s}{section.13}% 89
\BOOKMARK [2][-]{subsection.13.6}{\376\377\000M\000S\000R\000J\000D\000\040\000R\000e\000p\000r\000e\000s\000e\000n\000t\000a\000t\000i\000o\000n\000\040\000a\000n\000d\000\040\000S\000t\000o\000c\000h\000a\000s\000t\000i\000c\000\040\000D\000y\000n\000a\000m\000i\000c\000s}{section.13}% 90
\BOOKMARK [2][-]{subsection.13.7}{\376\377\000C\000o\000n\000n\000e\000c\000t\000i\000o\000n\000\040\000t\000o\000\040\000U\000n\000i\000v\000e\000r\000s\000a\000l\000\040\000F\000r\000a\000m\000e\000w\000o\000r\000k}{section.13}% 91
\BOOKMARK [1][-]{section.14}{\376\377\000D\000o\000m\000a\000i\000n\000\040\000M\000o\000r\000p\000h\000i\000s\000m\000s\000\040\000a\000n\000d\000\040\000U\000n\000i\000v\000e\000r\000s\000a\000l\000\040\000I\000n\000v\000a\000r\000i\000a\000n\000t\000s}{}% 92
\BOOKMARK [2][-]{subsection.14.1}{\376\377\000R\000e\000p\000r\000e\000s\000e\000n\000t\000a\000t\000i\000o\000n\000\040\000D\000a\000t\000a\000\040\000R\000e\000q\000u\000i\000r\000e\000d}{section.14}% 93
\BOOKMARK [2][-]{subsection.14.2}{\376\377\000D\000o\000m\000a\000i\000n\000\040\000M\000o\000r\000p\000h\000i\000s\000m\000s\000\040\000a\000n\000d\000\040\000U\000n\000i\000v\000e\000r\000s\000a\000l\000\040\000I\000n\000v\000a\000r\000i\000a\000n\000t\000s}{section.14}% 94
\BOOKMARK [2][-]{subsection.14.3}{\376\377\000U\000n\000i\000v\000e\000r\000s\000a\000l\000\040\000I\000n\000v\000a\000r\000i\000a\000n\000t\000s\000\040\000a\000n\000d\000\040\000I\000n\000f\000o\000r\000m\000a\000t\000i\000o\000n\000\040\000M\000e\000a\000s\000u\000r\000e\000s}{section.14}% 95
\BOOKMARK [2][-]{subsection.14.4}{\376\377\000M\000u\000l\000t\000i\000p\000l\000e\000\040\000E\000n\000t\000r\000o\000p\000y\000\040\000T\000y\000p\000e\000s}{section.14}% 96
\BOOKMARK [2][-]{subsection.14.5}{\376\377\000T\000w\000o\000-\000O\000b\000s\000e\000r\000v\000e\000r\000\040\000I\000n\000f\000o\000r\000m\000a\000t\000i\000o\000n\000\040\000E\000x\000c\000h\000a\000n\000g\000e\000\040\000M\000o\000d\000e\000l}{section.14}% 97
\BOOKMARK [2][-]{subsection.14.6}{\376\377\000G\0006\000\040\000M\000o\000d\000a\000l\000\040\000C\000o\000n\000v\000o\000l\000u\000t\000i\000o\000n\000\040\000F\000r\000a\000m\000e\000w\000o\000r\000k}{section.14}% 98
\BOOKMARK [2][-]{subsection.14.7}{\376\377\000U\000n\000i\000v\000e\000r\000s\000a\000l\000\040\000T\000r\000u\000t\000h\000\040\000C\000r\000i\000t\000e\000r\000i\000a}{section.14}% 99
\BOOKMARK [2][-]{subsection.14.8}{\376\377\000E\000p\000i\000s\000t\000e\000m\000i\000c\000\040\000S\000t\000a\000t\000u\000s\000\040\000a\000n\000d\000\040\000A\000p\000p\000l\000i\000c\000a\000t\000i\000o\000n\000s}{section.14}% 100
\BOOKMARK [2][-]{subsection.14.9}{\376\377\000M\000a\000t\000h\000e\000m\000a\000t\000i\000c\000a\000l\000\040\000S\000t\000r\000u\000c\000t\000u\000r\000e\000\040\000a\000s\000\040\000F\000u\000n\000d\000a\000m\000e\000n\000t\000a\000l\000\040\000R\000e\000a\000l\000i\000t\000y}{section.14}% 101
\BOOKMARK [1][-]{section.15}{\376\377\000A\000p\000p\000l\000i\000c\000a\000t\000i\000o\000n\000s\000\040\000t\000o\000\040\000N\000u\000m\000b\000e\000r\000\040\000T\000h\000e\000o\000r\000y\000\040\000a\000n\000d\000\040\000C\000o\000m\000p\000u\000t\000a\000t\000i\000o\000n\000a\000l\000\040\000C\000o\000m\000p\000l\000e\000x\000i\000t\000y}{}% 102
\BOOKMARK [2][-]{subsection.15.1}{\376\377\000R\000e\000v\000e\000r\000s\000i\000b\000i\000l\000i\000t\000y\000\040\000C\000o\000n\000s\000t\000r\000a\000i\000n\000t\000\040\000R\000C\040\040\000\040\000a\000n\000d\000\040\000S\000p\000e\000c\000t\000r\000a\000l\000\040\000A\000p\000p\000l\000i\000c\000a\000t\000i\000o\000n\000s}{section.15}% 103
\BOOKMARK [2][-]{subsection.15.2}{\376\377\000H\000i\000l\000b\000e\000r\000t\040\023\000P\000\363\000l\000y\000a\000\040\000O\000p\000e\000r\000a\000t\000o\000r\000\040\000a\000n\000d\000\040\000Z\000e\000t\000a\000-\000F\000u\000n\000c\000t\000i\000o\000n\000\040\000I\000n\000t\000e\000r\000p\000r\000e\000t\000a\000t\000i\000o\000n}{section.15}% 104
\BOOKMARK [2][-]{subsection.15.3}{\376\377\000S\000p\000e\000c\000t\000r\000a\000l\000\040\000G\000a\000p\000\040\000a\000n\000d\000\040\000I\000n\000f\000o\000r\000m\000a\000t\000i\000o\000n\000\040\000T\000h\000e\000o\000r\000y}{section.15}% 105
\BOOKMARK [2][-]{subsection.15.4}{\376\377\000D\000o\000m\000a\000i\000n\000\040\000M\000a\000p\000\040\000G\000e\000n\000e\000r\000a\000l\000i\000t\000y}{section.15}% 106
\BOOKMARK [2][-]{subsection.15.5}{\376\377\000M\000a\000s\000s\000-\000G\000a\000p\000\040\000T\000h\000e\000o\000r\000e\000m\000\040\000C\000o\000n\000n\000e\000c\000t\000i\000o\000n}{section.15}% 107
\BOOKMARK [2][-]{subsection.15.6}{\376\377\000A\000p\000p\000l\000i\000c\000a\000t\000i\000o\000n\000s\000\040\000t\000o\000\040\000N\000u\000m\000b\000e\000r\000\040\000T\000h\000e\000o\000r\000y\000\040\000a\000n\000d\000\040\000F\000u\000n\000c\000t\000i\000o\000n\000\040\000T\000h\000e\000o\000r\000y}{section.15}% 108
\BOOKMARK [2][-]{subsection.15.7}{\376\377\000S\000p\000e\000c\000t\000r\000a\000l\000\040\000G\000a\000p\000\040\000a\000n\000d\000\040\000C\000o\000m\000p\000u\000t\000a\000t\000i\000o\000n\000a\000l\000\040\000C\000o\000m\000p\000l\000e\000x\000i\000t\000y}{section.15}% 109
\BOOKMARK [1][-]{section.16}{\376\377\000C\000o\000n\000c\000l\000u\000s\000i\000o\000n\000s\000\040\000a\000n\000d\000\040\000F\000u\000t\000u\000r\000e\000\040\000W\000o\000r\000k}{}% 110
\BOOKMARK [1][-]{section.17}{\376\377\000D\000i\000s\000c\000u\000s\000s\000i\000o\000n}{}% 111
\BOOKMARK [1][-]{appendix.A}{\376\377\000I\000m\000p\000l\000e\000m\000e\000n\000t\000a\000t\000i\000o\000n\000\040\000a\000n\000d\000\040\000M\000e\000c\000h\000a\000n\000i\000z\000a\000t\000i\000o\000n}{}% 112
\BOOKMARK [2][-]{subsection.A.1}{\376\377\000A\000P\000I\000\040\000S\000p\000e\000c\000i\000f\000i\000c\000a\000t\000i\000o\000n\000s}{appendix.A}% 113
\BOOKMARK [2][-]{subsection.A.2}{\376\377\000T\000e\000s\000t\000\040\000S\000u\000i\000t\000e}{appendix.A}% 114
\BOOKMARK [2][-]{subsection.A.3}{\376\377\000M\000e\000c\000h\000a\000n\000i\000z\000a\000t\000i\000o\000n\000\040\000A\000r\000t\000i\000f\000a\000c\000t\000s}{appendix.A}% 115
\BOOKMARK [2][-]{subsection.A.4}{\376\377\000D\000e\000s\000i\000g\000n\000\040\000C\000r\000o\000s\000s\000w\000a\000l\000k\000:\000\040\000P\000a\000p\000e\000r\000\040\000\040\000I\000m\000p\000l\000e\000m\000e\000n\000t\000a\000t\000i\000o\000n}{appendix.A}% 116
\BOOKMARK [2][-]{subsection.A.5}{\376\377\000M\000D\000E\000\040\000P\000y\000r\000a\000m\000i\000d\000\040\000I\000m\000p\000l\000e\000m\000e\000n\000t\000a\000t\000i\000o\000n\000\040\000S\000t\000r\000u\000c\000t\000u\000r\000e}{appendix.A}% 117
\BOOKMARK [3][-]{subsubsection.A.5.1}{\376\377\000M\0003\000\040\000L\000a\000y\000e\000r\000:\000\040\000M\000e\000t\000a\000m\000e\000t\000a\000m\000o\000d\000e\000l\000\040\000F\000o\000u\000n\000d\000a\000t\000i\000o\000n}{subsection.A.5}% 118
\BOOKMARK [3][-]{subsubsection.A.5.2}{\376\377\000M\0002\000\040\000L\000a\000y\000e\000r\000:\000\040\000M\000e\000t\000a\000m\000o\000d\000e\000l\000\040\000S\000t\000r\000u\000c\000t\000u\000r\000e}{subsection.A.5}% 119
\BOOKMARK [3][-]{subsubsection.A.5.3}{\376\377\000M\0001\000\040\000L\000a\000y\000e\000r\000:\000\040\000M\000o\000d\000e\000l\000\040\000L\000o\000g\000i\000c}{subsection.A.5}% 120
\BOOKMARK [3][-]{subsubsection.A.5.4}{\376\377\000M\0000\000\040\000L\000a\000y\000e\000r\000:\000\040\000R\000u\000n\000t\000i\000m\000e}{subsection.A.5}% 121
\BOOKMARK [2][-]{subsection.A.6}{\376\377\000S\000u\000b\000m\000i\000t\000t\000e\000d\000\040\000F\000i\000l\000e\000\040\000S\000t\000r\000u\000c\000t\000u\000r\000e}{appendix.A}% 122
\BOOKMARK [3][-]{subsubsection.A.6.1}{\376\377\000C\000o\000r\000e\000\040\000L\000o\000g\000i\000c\000\040\000S\000p\000e\000c\000i\000f\000i\000c\000a\000t\000i\000o\000n\000s}{subsection.A.6}% 123
\BOOKMARK [3][-]{subsubsection.A.6.2}{\376\377\000R\000a\000c\000k\000e\000t\000\040\000M\000o\000d\000u\000l\000e\000\040\000S\000p\000e\000c\000i\000f\000i\000c\000a\000t\000i\000o\000n\000s}{subsection.A.6}% 124
\BOOKMARK [3][-]{subsubsection.A.6.3}{\376\377\000E\000x\000p\000o\000r\000t\000e\000r\000\040\000M\000o\000d\000u\000l\000e\000s}{subsection.A.6}% 125
\BOOKMARK [2][-]{subsection.A.7}{\376\377\000P\000e\000r\000f\000o\000r\000m\000a\000n\000c\000e\000\040\000C\000h\000a\000r\000a\000c\000t\000e\000r\000i\000s\000t\000i\000c\000s}{appendix.A}% 126
\BOOKMARK [2][-]{subsection.A.8}{\376\377\000E\000x\000p\000o\000r\000t\000\040\000C\000a\000p\000a\000b\000i\000l\000i\000t\000i\000e\000s}{appendix.A}% 127
\BOOKMARK [1][-]{appendix.B}{\376\377\000M\000a\000t\000h\000e\000m\000a\000t\000i\000c\000a\000l\000\040\000B\000a\000c\000k\000g\000r\000o\000u\000n\000d\000\040\000a\000n\000d\000\040\000N\000o\000t\000a\000t\000i\000o\000n}{}% 128
\BOOKMARK [2][-]{subsection.B.1}{\376\377\000B\000a\000s\000i\000c\000\040\000M\000a\000t\000h\000e\000m\000a\000t\000i\000c\000a\000l\000\040\000N\000o\000t\000a\000t\000i\000o\000n}{appendix.B}% 129
\BOOKMARK [2][-]{subsection.B.2}{\376\377\000S\000e\000t\000\040\000T\000h\000e\000o\000r\000y\000\040\000a\000n\000d\000\040\000L\000o\000g\000i\000c}{appendix.B}% 130
\BOOKMARK [2][-]{subsection.B.3}{\376\377\000F\000u\000n\000c\000t\000i\000o\000n\000\040\000a\000n\000d\000\040\000O\000p\000e\000r\000a\000t\000o\000r\000\040\000N\000o\000t\000a\000t\000i\000o\000n}{appendix.B}% 131
\BOOKMARK [2][-]{subsection.B.4}{\376\377\000C\000o\000m\000p\000u\000t\000a\000t\000i\000o\000n\000a\000l\000\040\000P\000a\000r\000a\000d\000i\000g\000m\000s}{appendix.B}% 132
\BOOKMARK [2][-]{subsection.B.5}{\376\377\000G\000e\000n\000e\000r\000a\000t\000i\000n\000g\000\040\000F\000u\000n\000c\000t\000i\000o\000n\000\040\000N\000o\000t\000a\000t\000i\000o\000n}{appendix.B}% 133
\BOOKMARK [2][-]{subsection.B.6}{\376\377\000r\000e\000n\000o\000r\000m\000a\000l\000i\000s\000a\000t\000i\000o\000n\000\040\000G\000r\000o\000u\000p\000\040\000N\000o\000t\000a\000t\000i\000o\000n}{appendix.B}% 134
\BOOKMARK [2][-]{subsection.B.7}{\376\377\000F\000o\000r\000m\000a\000l\000\040\000L\000o\000g\000i\000c\000\040\000N\000o\000t\000a\000t\000i\000o\000n}{appendix.B}% 135
\BOOKMARK [2][-]{subsection.B.8}{\376\377\000C\000a\000t\000e\000g\000o\000r\000y\000\040\000T\000h\000e\000o\000r\000y\000\040\000B\000a\000c\000k\000g\000r\000o\000u\000n\000d}{appendix.B}% 136
\BOOKMARK [3][-]{subsubsection.B.8.1}{\376\377\000B\000a\000s\000i\000c\000\040\000D\000e\000f\000i\000n\000i\000t\000i\000o\000n\000s}{subsection.B.8}% 137
\BOOKMARK [3][-]{subsubsection.B.8.2}{\376\377\000E\000x\000a\000m\000p\000l\000e\000s}{subsection.B.8}% 138
\BOOKMARK [2][-]{subsection.B.9}{\376\377\000I\000m\000p\000l\000i\000c\000i\000t\000\040\000F\000u\000n\000c\000t\000i\000o\000n\000a\000l\000\040\000A\000r\000g\000u\000m\000e\000n\000t\000s\000\040\000C\000o\000n\000v\000e\000n\000t\000i\000o\000n}{appendix.B}% 139
\BOOKMARK [1][-]{appendix.C}{\376\377\000T\000e\000c\000h\000n\000i\000c\000a\000l\000\040\000D\000e\000r\000i\000v\000a\000t\000i\000o\000n\000s\000\040\000a\000n\000d\000\040\000D\000e\000t\000a\000i\000l\000e\000d\000\040\000A\000n\000a\000l\000y\000s\000i\000s}{}% 140
\BOOKMARK [2][-]{subsection.C.1}{\376\377\000L\000L\000M\000\040\000T\000e\000c\000h\000n\000i\000c\000a\000l\000\040\000D\000e\000r\000i\000v\000a\000t\000i\000o\000n\000s}{appendix.C}% 141
\BOOKMARK [3][-]{subsubsection.C.1.1}{\376\377\000M\000S\000R\000J\000D\000\040\000R\000e\000p\000r\000e\000s\000e\000n\000t\000a\000t\000i\000o\000n}{subsection.C.1}% 142
\BOOKMARK [3][-]{subsubsection.C.1.2}{\376\377\000B\000e\000t\000a\000\040\000F\000u\000n\000c\000t\000i\000o\000n\000\040\000C\000a\000l\000c\000u\000l\000a\000t\000i\000o\000n\000s}{subsection.C.1}% 143
\BOOKMARK [3][-]{subsubsection.C.1.3}{\376\377\000S\000c\000a\000l\000i\000n\000g\000\040\000L\000a\000w\000\040\000D\000e\000r\000i\000v\000a\000t\000i\000o\000n}{subsection.C.1}% 144
\BOOKMARK [2][-]{subsection.C.2}{\376\377\000S\000p\000e\000c\000t\000r\000a\000l\000\040\000G\000a\000p\000\040\000A\000n\000a\000l\000y\000s\000i\000s}{appendix.C}% 145
\BOOKMARK [3][-]{subsubsection.C.2.1}{\376\377\000H\000i\000l\000b\000e\000r\000t\040\023\000P\000\363\000l\000y\000a\000\040\000O\000p\000e\000r\000a\000t\000o\000r\000\040\000C\000o\000n\000s\000t\000r\000u\000c\000t\000i\000o\000n}{subsection.C.2}% 146
\BOOKMARK [3][-]{subsubsection.C.2.2}{\376\377\000S\000p\000e\000c\000t\000r\000a\000l\000\040\000G\000a\000p\000\040\000C\000l\000a\000s\000s\000i\000f\000i\000c\000a\000t\000i\000o\000n}{subsection.C.2}% 147
\BOOKMARK [2][-]{subsection.C.3}{\376\377\000r\000e\000n\000o\000r\000m\000a\000l\000i\000s\000a\000t\000i\000o\000n\000\040\000G\000r\000o\000u\000p\000\040\000F\000l\000o\000w\000\040\000A\000n\000a\000l\000y\000s\000i\000s}{appendix.C}% 148
\BOOKMARK [3][-]{subsubsection.C.3.1}{\376\377\000C\000a\000l\000l\000a\000n\040\023\000S\000y\000m\000a\000n\000z\000i\000k\000\040\000E\000q\000u\000a\000t\000i\000o\000n\000\040\000D\000e\000r\000i\000v\000a\000t\000i\000o\000n}{subsection.C.3}% 149
\BOOKMARK [3][-]{subsubsection.C.3.2}{\376\377\000F\000i\000x\000e\000d\000\040\000P\000o\000i\000n\000t\000\040\000A\000n\000a\000l\000y\000s\000i\000s}{subsection.C.3}% 150
\BOOKMARK [2][-]{subsection.C.4}{\376\377\000I\000n\000f\000o\000r\000m\000a\000t\000i\000o\000n\000-\000T\000h\000e\000o\000r\000e\000t\000i\000c\000\040\000M\000e\000a\000s\000u\000r\000e\000s}{appendix.C}% 151
\BOOKMARK [3][-]{subsubsection.C.4.1}{\376\377\000F\000i\000s\000h\000e\000r\000\040\000I\000n\000f\000o\000r\000m\000a\000t\000i\000o\000n\000\040\000M\000e\000t\000r\000i\000c\000\040\000C\000a\000l\000c\000u\000l\000a\000t\000i\000o\000n}{subsection.C.4}% 152
\BOOKMARK [3][-]{subsubsection.C.4.2}{\376\377\000c\000-\000F\000u\000n\000c\000t\000i\000o\000n\000\040\000a\000n\000d\000\040\000a\000-\000F\000u\000n\000c\000t\000i\000o\000n}{subsection.C.4}% 153
\BOOKMARK [2][-]{subsection.C.5}{\376\377\000E\000n\000t\000r\000o\000p\000y\000\040\000H\000i\000e\000r\000a\000r\000c\000h\000y\000\040\000D\000e\000r\000i\000v\000a\000t\000i\000o\000n}{appendix.C}% 154
